<?xml version="1.0" encoding="UTF-8"?>
<!-- Generated by org.testng.reporters.JUnitReportReporter -->
<testsuite hostname="LAPTOP-BG25L18V" failures="0" tests="5" name="APIBlackJackTest" time="5.753" errors="0" timestamp="2022-01-02T02:36:15 YEKT" skipped="0">
  <testcase classname="APIBlackJackTest" name="checkMainPage" time="2.229"/>
  <system-out/>
  <testcase classname="APIBlackJackTest" name="giveCardTest" time="0.924"/>
  <system-out/>
  <testcase classname="APIBlackJackTest" name="getGameInfoTest" time="0.691"/>
  <system-out/>
  <testcase classname="APIBlackJackTest" name="createNewGameTest" time="1.049"/>
  <system-out/>
  <testcase classname="APIBlackJackTest" name="keyCheck" time="0.860"/>
  <system-out/>
</testsuite> <!-- APIBlackJackTest -->
