<?xml version="1.0" encoding="UTF-8"?>
<!-- Generated by org.testng.reporters.JUnitReportReporter -->
<testsuite hostname="LAPTOP-BG25L18V" failures="0" tests="5" name="ApiBlackJackTest" time="6.168" errors="0" timestamp="2022-01-02T12:14:50 YEKT" skipped="0">
  <testcase classname="ApiBlackJackTest" name="checkMainPage" time="2.971"/>
  <system-out/>
  <testcase classname="ApiBlackJackTest" name="giveCardTest" time="1.228"/>
  <system-out/>
  <testcase classname="ApiBlackJackTest" name="keyCheck" time="0.178"/>
  <system-out/>
  <testcase classname="ApiBlackJackTest" name="getGameInfoTest" time="1.051"/>
  <system-out/>
  <testcase classname="ApiBlackJackTest" name="createNewGameTest" time="0.740"/>
  <system-out/>
</testsuite> <!-- ApiBlackJackTest -->
